\BOOKMARK [1][-]{section.1}{Abstract}{}% 1
\BOOKMARK [1][-]{section.2}{Introduction}{}% 2
\BOOKMARK [1][-]{section.3}{Software Structure}{}% 3
\BOOKMARK [1][-]{section.4}{Input Methodologies}{}% 4
\BOOKMARK [2][-]{subsection.4.1}{NYSE Data Feed}{section.4}% 5
\BOOKMARK [2][-]{subsection.4.2}{NASDAQ Data Feed}{section.4}% 6
\BOOKMARK [2][-]{subsection.4.3}{Bloomberg Data Feed}{section.4}% 7
\BOOKMARK [1][-]{section.5}{Pricing Methodologies}{}% 8
\BOOKMARK [2][-]{subsection.5.1}{European options}{section.5}% 9
\BOOKMARK [2][-]{subsection.5.2}{Asian options}{section.5}% 10
\BOOKMARK [2][-]{subsection.5.3}{Bermuda options}{section.5}% 11
\BOOKMARK [2][-]{subsection.5.4}{American options}{section.5}% 12
\BOOKMARK [2][-]{subsection.5.5}{Binomial Model}{section.5}% 13
\BOOKMARK [2][-]{subsection.5.6}{Monte Carlo Method}{section.5}% 14
\BOOKMARK [2][-]{subsection.5.7}{Finite Difference Methods}{section.5}% 15
\BOOKMARK [2][-]{subsection.5.8}{Finite Element Methods}{section.5}% 16
\BOOKMARK [1][-]{section.6}{Output Methodologies}{}% 17
\BOOKMARK [1][-]{section.7}{Results}{}% 18
\BOOKMARK [1][-]{section.8}{Conclusion Remarks}{}% 19
\BOOKMARK [1][-]{section.9}{Appendix}{}% 20
